warn: Warn logger
warn: Warn logger
warn: Warn logger
[33mwarn[39m: Warn logger
warn: Warn logger
warn: Warn logger
undefined
undefined
undefined
undefined
undefined
{
  message: 'Warn logger',
  level: 'warn',
  timestamp: '2026-06-09T21:03:56.770Z'
}
{
  message: 'Warn logger',
  level: 'warn',
  timestamp: '2026-06-09T21:04:11.482Z'
}
{
  message: 'Warn logger',
  level: 'warn',
  timestamp: '2026-06-10T04:58:02.141Z'
}
{
  message: 'Warn logger',
  level: 'warn',
  timestamp: '2026-06-10T05:22:35.570Z'
}
{
  message: 'Warn logger',
  level: 'warn',
  timestamp: '2026-06-11T20:03:30.239Z'
}
{
  message: 'Warn logger',
  level: 'warn',
  timestamp: '2026-06-11T20:03:32.840Z'
}
{
  message: 'Warn logger',
  level: 'warn',
  timestamp: '2026-06-12T04:49:12.765Z'
}
{
  message: 'Warn logger',
  level: 'warn',
  timestamp: '2026-06-12T04:49:26.921Z'
}
{
  message: 'Warn logger',
  level: 'warn',
  timestamp: '2026-06-12T04:49:29.261Z'
}
{
  message: 'Warn logger',
  level: 'warn',
  timestamp: '2026-06-12T04:49:36.607Z'
}
{
  message: 'Warn logger',
  level: 'warn',
  timestamp: '2026-06-12T04:49:40.252Z'
}
{
  message: 'Warn logger',
  level: 'warn',
  timestamp: '2026-06-12T04:49:49.460Z'
}
{
  message: 'Warn logger',
  level: 'warn',
  timestamp: '2026-06-12T04:49:50.809Z'
}
{
  message: 'Warn logger',
  level: 'warn',
  timestamp: '2026-06-12T04:50:00.921Z'
}
{
  message: 'Warn logger',
  level: 'warn',
  timestamp: '2026-06-12T04:50:05.086Z'
}
{
  message: 'Warn logger',
  level: 'warn',
  timestamp: '2026-06-12T04:50:14.090Z'
}
{
  message: 'Warn logger',
  level: 'warn',
  timestamp: '2026-06-12T04:50:29.064Z'
}
{
  message: 'Warn logger',
  level: 'warn',
  timestamp: '2026-06-12T04:50:38.780Z'
}
{
  message: 'Warn logger',
  level: 'warn',
  timestamp: '2026-06-12T04:50:41.167Z'
}
{
  message: 'Warn logger',
  level: 'warn',
  timestamp: '2026-06-12T04:50:49.438Z'
}
{
  message: 'Warn logger',
  level: 'warn',
  timestamp: '2026-06-12T04:50:50.758Z'
}
{
  message: 'Warn logger',
  level: 'warn',
  timestamp: '2026-06-12T04:51:06.737Z'
}
{
  message: 'Warn logger',
  level: 'warn',
  timestamp: '2026-06-12T04:51:11.600Z'
}
{
  message: 'Warn logger',
  level: 'warn',
  timestamp: '2026-06-12T04:51:24.161Z'
}
{
  message: 'Warn logger',
  level: 'warn',
  timestamp: '2026-06-12T04:51:44.379Z'
}
{
  message: 'Warn logger',
  level: 'warn',
  timestamp: '2026-06-12T04:51:47.171Z'
}
{
  message: 'Warn logger',
  level: 'warn',
  timestamp: '2026-06-12T04:52:08.463Z'
}
{
  message: 'Warn logger',
  level: 'warn',
  timestamp: '2026-06-12T04:52:13.234Z'
}
{
  message: 'Warn logger',
  level: 'warn',
  timestamp: '2026-06-12T04:52:16.338Z'
}
{
  message: 'Warn logger',
  level: 'warn',
  timestamp: '2026-06-12T04:52:28.446Z'
}
{
  message: 'Warn logger',
  level: 'warn',
  timestamp: '2026-06-12T04:52:44.355Z'
}
{
  message: 'Warn logger',
  level: 'warn',
  timestamp: '2026-06-12T04:52:55.468Z'
}
{
  message: 'Warn logger',
  level: 'warn',
  timestamp: '2026-06-12T04:52:59.816Z'
}
{
  message: 'Warn logger',
  level: 'warn',
  timestamp: '2026-06-12T04:53:02.543Z'
}
{
  message: 'Warn logger',
  level: 'warn',
  timestamp: '2026-06-12T04:53:15.128Z'
}
{
  message: 'Warn logger',
  level: 'warn',
  timestamp: '2026-06-12T04:53:18.643Z'
}
{
  message: 'Warn logger',
  level: 'warn',
  timestamp: '2026-06-12T04:53:20.625Z'
}
{
  message: 'Warn logger',
  level: 'warn',
  timestamp: '2026-06-12T04:53:23.637Z'
}
{
  message: 'Warn logger',
  level: 'warn',
  timestamp: '2026-06-12T04:53:44.395Z'
}
{
  message: 'Warn logger',
  level: 'warn',
  timestamp: '2026-06-12T04:53:46.428Z'
}
{
  message: 'Warn logger',
  level: 'warn',
  timestamp: '2026-06-12T04:53:49.019Z'
}
{
  message: 'Warn logger',
  level: 'warn',
  timestamp: '2026-06-12T04:53:55.807Z'
}
{
  message: 'Warn logger',
  level: 'warn',
  timestamp: '2026-06-12T04:53:57.293Z'
}
{
  message: 'Warn logger',
  level: 'warn',
  timestamp: '2026-06-12T04:54:04.625Z'
}
{
  message: 'Warn logger',
  level: 'warn',
  timestamp: '2026-06-12T04:54:09.079Z'
}
{
  message: 'Warn logger',
  level: 'warn',
  timestamp: '2026-06-12T04:54:10.097Z'
}
{
  message: 'Warn logger',
  level: 'warn',
  timestamp: '2026-06-12T04:54:15.275Z'
}
{
  message: 'Warn logger',
  level: 'warn',
  timestamp: '2026-06-12T04:54:16.982Z'
}
{
  message: 'Warn logger',
  level: 'warn',
  timestamp: '2026-06-12T04:54:21.529Z'
}
{
  message: 'Warn logger',
  level: 'warn',
  timestamp: '2026-06-12T04:54:29.932Z'
}
{
  message: 'Warn logger',
  level: 'warn',
  timestamp: '2026-06-12T04:54:35.204Z'
}
{
  message: 'Warn logger',
  level: 'warn',
  timestamp: '2026-06-12T04:55:31.655Z'
}
{
  message: 'Warn logger',
  level: 'warn',
  timestamp: '2026-06-12T04:55:32.809Z'
}
{
  message: 'Warn logger',
  level: 'warn',
  timestamp: '2026-06-12T04:55:39.274Z'
}
{
  message: 'Warn logger',
  level: 'warn',
  timestamp: '2026-06-12T04:55:47.050Z'
}
{
  message: 'Warn logger',
  level: 'warn',
  timestamp: '2026-06-12T04:58:54.314Z'
}
{
  message: 'Warn logger',
  level: 'warn',
  timestamp: '2026-06-12T05:48:23.145Z'
}
{
  message: 'Warn logger',
  level: 'warn',
  timestamp: '2026-06-12T05:48:47.870Z'
}
{
  message: 'Warn logger',
  level: 'warn',
  timestamp: '2026-06-12T06:13:31.727Z'
}
{
  message: 'Warn logger',
  level: 'warn',
  timestamp: '2026-06-12T06:13:42.251Z'
}
{
  message: 'Warn logger',
  level: 'warn',
  timestamp: '2026-06-12T08:35:31.414Z'
}
{
  message: 'Warn logger',
  level: 'warn',
  timestamp: '2026-06-12T08:40:07.320Z'
}
{
  message: 'Warn logger',
  level: 'warn',
  timestamp: '2026-06-12T08:40:45.074Z'
}
{
  message: 'Warn logger',
  level: 'warn',
  timestamp: '2026-06-12T08:41:24.635Z'
}
{
  message: 'Warn logger',
  level: 'warn',
  timestamp: '2026-06-12T08:44:20.694Z'
}
{
  message: 'Warn logger',
  level: 'warn',
  timestamp: '2026-06-12T08:44:39.569Z'
}
{
  message: 'Warn logger',
  level: 'warn',
  timestamp: '2026-06-12T08:44:41.791Z'
}
{
  message: 'Warn logger',
  level: 'warn',
  timestamp: '2026-06-12T08:45:26.291Z'
}
{
  message: 'Warn logger',
  level: 'warn',
  timestamp: '2026-06-12T08:45:38.795Z'
}
{
  message: 'Warn logger',
  level: 'warn',
  timestamp: '2026-06-12T08:47:25.152Z'
}
{
  message: 'Warn logger',
  level: 'warn',
  timestamp: '2026-06-12T08:49:27.904Z'
}
{
  message: 'Warn logger',
  level: 'warn',
  timestamp: '2026-06-12T08:49:30.239Z'
}
{
  message: 'Warn logger',
  level: 'warn',
  timestamp: '2026-06-12T08:49:36.356Z'
}
{
  message: 'Warn logger',
  level: 'warn',
  timestamp: '2026-06-12T08:49:41.523Z'
}
{
  message: 'Warn logger',
  level: 'warn',
  timestamp: '2026-06-12T08:49:44.000Z'
}
{
  message: 'Warn logger',
  level: 'warn',
  timestamp: '2026-06-12T08:49:46.322Z'
}
{
  message: 'Warn logger',
  level: 'warn',
  timestamp: '2026-06-12T09:04:52.736Z'
}
{
  message: 'Warn logger',
  level: 'warn',
  timestamp: '2026-06-12T09:04:55.890Z'
}
{
  message: 'Warn logger',
  level: 'warn',
  timestamp: '2026-06-12T09:04:57.054Z'
}
{
  message: 'Warn logger',
  level: 'warn',
  timestamp: '2026-06-12T09:04:59.209Z'
}
{
  message: 'Warn logger',
  level: 'warn',
  timestamp: '2026-06-12T09:06:47.380Z'
}
{
  message: 'Warn logger',
  level: 'warn',
  timestamp: '2026-06-12T09:06:48.285Z'
}
{
  message: 'Warn logger',
  level: 'warn',
  timestamp: '2026-06-12T09:07:18.278Z'
}
{
  message: 'Warn logger',
  level: 'warn',
  timestamp: '2026-06-12T09:07:25.454Z'
}
{
  message: 'Warn logger',
  level: 'warn',
  timestamp: '2026-06-12T09:07:28.426Z'
}
{
  message: 'Warn logger',
  level: 'warn',
  timestamp: '2026-06-12T09:07:35.770Z'
}
{
  message: 'Warn logger',
  level: 'warn',
  timestamp: '2026-06-12T09:07:44.646Z'
}
{
  message: 'Warn logger',
  level: 'warn',
  timestamp: '2026-06-12T09:07:50.903Z'
}
{
  message: 'Warn logger',
  level: 'warn',
  timestamp: '2026-06-12T09:08:05.148Z'
}
{
  message: 'Warn logger',
  level: 'warn',
  timestamp: '2026-06-12T09:11:13.760Z'
}
{
  message: 'Warn logger',
  level: 'warn',
  timestamp: '2026-06-12T09:12:13.328Z'
}
{
  message: 'Warn logger',
  level: 'warn',
  timestamp: '2026-06-12T09:12:16.161Z'
}
{
  message: 'Warn logger',
  level: 'warn',
  timestamp: '2026-06-12T09:12:34.457Z'
}
{
  message: 'Warn logger',
  level: 'warn',
  timestamp: '2026-06-12T09:12:36.034Z'
}
{
  message: 'Warn logger',
  level: 'warn',
  timestamp: '2026-06-12T09:12:37.871Z'
}
{
  message: 'Warn logger',
  level: 'warn',
  timestamp: '2026-06-12T09:12:42.401Z'
}
{
  message: 'Warn logger',
  level: 'warn',
  timestamp: '2026-06-12T09:12:46.207Z'
}
{
  message: 'Warn logger',
  level: 'warn',
  timestamp: '2026-06-12T09:12:48.069Z'
}
{
  message: 'Warn logger',
  level: 'warn',
  timestamp: '2026-06-12T09:12:55.316Z'
}
{
  message: 'Warn logger',
  level: 'warn',
  timestamp: '2026-06-12T09:12:56.601Z'
}
{
  message: 'Warn logger',
  level: 'warn',
  timestamp: '2026-06-12T09:16:49.841Z'
}
{
  message: 'Warn logger',
  level: 'warn',
  timestamp: '2026-06-12T09:16:53.972Z'
}
{
  message: 'Warn logger',
  level: 'warn',
  timestamp: '2026-06-12T09:16:55.660Z'
}
{
  message: 'Warn logger',
  level: 'warn',
  timestamp: '2026-06-12T09:16:58.579Z'
}
{
  message: 'Warn logger',
  level: 'warn',
  timestamp: '2026-06-12T09:18:18.559Z'
}
{
  message: 'Warn logger',
  level: 'warn',
  timestamp: '2026-06-12T09:18:21.377Z'
}
{
  message: 'Warn logger',
  level: 'warn',
  timestamp: '2026-06-12T09:20:19.596Z'
}
{
  message: 'Warn logger',
  level: 'warn',
  timestamp: '2026-06-12T09:20:27.586Z'
}
{
  message: 'Warn logger',
  level: 'warn',
  timestamp: '2026-06-12T09:20:31.404Z'
}
{
  message: 'Warn logger',
  level: 'warn',
  timestamp: '2026-06-12T09:20:45.289Z'
}
{
  message: 'Warn logger',
  level: 'warn',
  timestamp: '2026-06-12T09:20:48.748Z'
}
{
  message: 'Warn logger',
  level: 'warn',
  timestamp: '2026-06-12T09:20:52.131Z'
}
{
  message: 'Warn logger',
  level: 'warn',
  timestamp: '2026-06-12T09:20:54.654Z'
}
{
  message: 'Warn logger',
  level: 'warn',
  timestamp: '2026-06-12T09:20:57.746Z'
}
{
  message: 'Warn logger',
  level: 'warn',
  timestamp: '2026-06-12T09:21:00.160Z'
}
{
  message: 'Warn logger',
  level: 'warn',
  timestamp: '2026-06-12T09:21:12.434Z'
}
{
  message: 'Warn logger',
  level: 'warn',
  timestamp: '2026-06-12T09:21:26.593Z'
}
{
  message: 'Warn logger',
  level: 'warn',
  timestamp: '2026-06-12T09:21:29.013Z'
}
{
  message: 'Warn logger',
  level: 'warn',
  timestamp: '2026-06-12T09:21:32.502Z'
}
{
  message: 'Warn logger',
  level: 'warn',
  timestamp: '2026-06-12T09:21:33.784Z'
}
{
  message: 'Warn logger',
  level: 'warn',
  timestamp: '2026-06-12T09:21:36.049Z'
}
{
  message: 'Warn logger',
  level: 'warn',
  timestamp: '2026-06-12T09:21:38.853Z'
}
{
  message: 'Warn logger',
  level: 'warn',
  timestamp: '2026-06-12T09:21:41.211Z'
}
{
  message: 'Warn logger',
  level: 'warn',
  timestamp: '2026-06-12T09:24:30.132Z'
}
{
  message: 'Warn logger',
  level: 'warn',
  timestamp: '2026-06-12T10:13:14.402Z'
}
{
  message: 'Warn logger',
  level: 'warn',
  timestamp: '2026-06-12T10:25:49.398Z'
}
{
  message: 'Warn logger',
  level: 'warn',
  timestamp: '2026-06-12T10:26:11.838Z'
}
{
  message: 'Warn logger',
  level: 'warn',
  timestamp: '2026-06-12T10:26:38.158Z'
}
{
  message: 'Warn logger',
  level: 'warn',
  timestamp: '2026-06-12T10:28:08.135Z'
}
{
  message: 'Warn logger',
  level: 'warn',
  timestamp: '2026-06-12T10:42:00.075Z'
}
{
  message: 'Warn logger',
  level: 'warn',
  timestamp: '2026-06-12T10:48:53.921Z'
}
{
  message: 'Warn logger',
  level: 'warn',
  timestamp: '2026-06-12T10:50:13.643Z'
}
{
  message: 'Warn logger',
  level: 'warn',
  timestamp: '2026-06-13T15:49:34.695Z'
}
